<?xml version="1.0" encoding="UTF-8"?>
<!-- Generated by org.testng.reporters.JUnitXMLReporter -->
<testsuite hostname="BBMDVMIMUD.local" ignored="0" name="Test" tests="2" failures="0" timestamp="16 Mar 2021 17:48:10 GMT" time="74.899" errors="0">
  <testcase name="electronicsPageListVerificationTest" time="10.493" classname="HybridModel.NoonAutomationFramework.qa.TestSuite.HomePageTest"/>
  <testcase name="mobilePageVerification1Test" time="1.467" classname="HybridModel.NoonAutomationFramework.qa.TestSuite.MobileSearchTest"/>
</testsuite> <!-- Test -->
