<?xml version="1.0" encoding="UTF-8"?>
<!-- Generated by org.testng.reporters.JUnitXMLReporter -->
<testsuite ignored="0" hostname="BBMDVMIMUD.local" failures="0" tests="2" name="Functional Test" time="36.731" errors="0" timestamp="23 Mar 2021 09:39:41 GMT">
  <testcase classname="HybridModel.NoonAutomationFramework.qa.TestSuite.HomePageTest" name="electronicsPageListVerificationTest" time="10.561"/>
  <testcase classname="HybridModel.NoonAutomationFramework.qa.TestSuite.MobileSearchTest" name="mobilePageVerification1Test" time="1.968"/>
</testsuite> <!-- Functional Test -->
