<?xml version="1.0" encoding="UTF-8"?>
<!-- Generated by org.testng.reporters.JUnitXMLReporter -->
<testsuite ignored="0" hostname="BBMDVMIMUD.local" failures="0" tests="5" name="Functional Test" time="40.01" errors="0" timestamp="02 May 2021 18:02:33 GMT">
  <testcase classname="HybridModel.NoonAutomationFramework.qa.TestSuite.HomePageTest" name="electronicsPageListVerificationTest" time="10.259"/>
  <testcase classname="HybridModel.NoonAutomationFramework.qa.TestSuite.MobileSearchTest" name="mobilePageVerification1Test" time="2.182"/>
  <testcase classname="HybridModel.NoonAutomationFramework.qa.TestSuite.LaptopsPageTest" name="dataProviderTest" time="0.0"/>
  <testcase classname="HybridModel.NoonAutomationFramework.qa.TestSuite.LaptopsPageTest" name="dataProviderTest" time="0.0"/>
  <testcase classname="HybridModel.NoonAutomationFramework.qa.TestSuite.LaptopsPageTest" name="dataProviderTest" time="0.0"/>
</testsuite> <!-- Functional Test -->
