<?xml version="1.0" encoding="UTF-8"?>
<testng-results ignored="0" total="5" passed="5" failed="0" skipped="0">
  <reporter-output>
  </reporter-output>
  <suite started-at="2021-05-02T18:01:53Z" name="Noon Regression Suite" finished-at="2021-05-02T18:02:33Z" duration-ms="40010">
    <groups>
    </groups>
    <test started-at="2021-05-02T18:01:53Z" name="Functional Test" finished-at="2021-05-02T18:02:33Z" duration-ms="40010">
      <class name="HybridModel.NoonAutomationFramework.qa.TestSuite.LaptopsPageTest">
        <test-method is-config="true" signature="setup()[pri:0, instance:HybridModel.NoonAutomationFramework.qa.TestSuite.LaptopsPageTest@35aea049]" started-at="2021-05-02T18:02:16Z" name="setup" finished-at="2021-05-02T18:02:20Z" duration-ms="4828" status="PASS">
          <reporter-output>
          </reporter-output>
        </test-method> <!-- setup -->
        <test-method signature="dataProviderTest(java.lang.String, java.lang.String, java.lang.String, java.lang.String)[pri:0, instance:HybridModel.NoonAutomationFramework.qa.TestSuite.LaptopsPageTest@35aea049]" started-at="2021-05-02T18:02:20Z" name="dataProviderTest" data-provider="getDataExcel" finished-at="2021-05-02T18:02:20Z" duration-ms="0" status="PASS">
          <params>
            <param index="0">
              <value>
                <![CDATA[Mr.]]>
              </value>
            </param>
            <param index="1">
              <value>
                <![CDATA[Tom]]>
              </value>
            </param>
            <param index="2">
              <value>
                <![CDATA[Peter]]>
              </value>
            </param>
            <param index="3">
              <value>
                <![CDATA[Google]]>
              </value>
            </param>
          </params>
          <reporter-output>
          </reporter-output>
        </test-method> <!-- dataProviderTest -->
        <test-method is-config="true" signature="tearDown()[pri:0, instance:HybridModel.NoonAutomationFramework.qa.TestSuite.LaptopsPageTest@35aea049]" started-at="2021-05-02T18:02:20Z" name="tearDown" finished-at="2021-05-02T18:02:20Z" duration-ms="102" status="PASS">
          <reporter-output>
          </reporter-output>
        </test-method> <!-- tearDown -->
        <test-method is-config="true" signature="setup()[pri:0, instance:HybridModel.NoonAutomationFramework.qa.TestSuite.LaptopsPageTest@35aea049]" started-at="2021-05-02T18:02:20Z" name="setup" finished-at="2021-05-02T18:02:26Z" duration-ms="5292" status="PASS">
          <reporter-output>
          </reporter-output>
        </test-method> <!-- setup -->
        <test-method is-config="true" signature="tearDown()[pri:0, instance:HybridModel.NoonAutomationFramework.qa.TestSuite.LaptopsPageTest@35aea049]" started-at="2021-05-02T18:02:26Z" name="tearDown" finished-at="2021-05-02T18:02:26Z" duration-ms="101" status="PASS">
          <reporter-output>
          </reporter-output>
        </test-method> <!-- tearDown -->
        <test-method signature="dataProviderTest(java.lang.String, java.lang.String, java.lang.String, java.lang.String)[pri:0, instance:HybridModel.NoonAutomationFramework.qa.TestSuite.LaptopsPageTest@35aea049]" started-at="2021-05-02T18:02:26Z" name="dataProviderTest" data-provider="getDataExcel" finished-at="2021-05-02T18:02:26Z" duration-ms="0" status="PASS">
          <params>
            <param index="0">
              <value>
                <![CDATA[Dr.]]>
              </value>
            </param>
            <param index="1">
              <value>
                <![CDATA[David]]>
              </value>
            </param>
            <param index="2">
              <value>
                <![CDATA[Cris]]>
              </value>
            </param>
            <param index="3">
              <value>
                <![CDATA[Amazon]]>
              </value>
            </param>
          </params>
          <reporter-output>
          </reporter-output>
        </test-method> <!-- dataProviderTest -->
        <test-method is-config="true" signature="setup()[pri:0, instance:HybridModel.NoonAutomationFramework.qa.TestSuite.LaptopsPageTest@35aea049]" started-at="2021-05-02T18:02:26Z" name="setup" finished-at="2021-05-02T18:02:33Z" duration-ms="6799" status="PASS">
          <reporter-output>
          </reporter-output>
        </test-method> <!-- setup -->
        <test-method signature="dataProviderTest(java.lang.String, java.lang.String, java.lang.String, java.lang.String)[pri:0, instance:HybridModel.NoonAutomationFramework.qa.TestSuite.LaptopsPageTest@35aea049]" started-at="2021-05-02T18:02:33Z" name="dataProviderTest" data-provider="getDataExcel" finished-at="2021-05-02T18:02:33Z" duration-ms="0" status="PASS">
          <params>
            <param index="0">
              <value>
                <![CDATA[Mrs.]]>
              </value>
            </param>
            <param index="1">
              <value>
                <![CDATA[Mukta]]>
              </value>
            </param>
            <param index="2">
              <value>
                <![CDATA[Sharma]]>
              </value>
            </param>
            <param index="3">
              <value>
                <![CDATA[Ebay]]>
              </value>
            </param>
          </params>
          <reporter-output>
          </reporter-output>
        </test-method> <!-- dataProviderTest -->
        <test-method is-config="true" signature="tearDown()[pri:0, instance:HybridModel.NoonAutomationFramework.qa.TestSuite.LaptopsPageTest@35aea049]" started-at="2021-05-02T18:02:33Z" name="tearDown" finished-at="2021-05-02T18:02:33Z" duration-ms="108" status="PASS">
          <reporter-output>
          </reporter-output>
        </test-method> <!-- tearDown -->
      </class> <!-- HybridModel.NoonAutomationFramework.qa.TestSuite.LaptopsPageTest -->
      <class name="HybridModel.NoonAutomationFramework.qa.TestSuite.MobileSearchTest">
        <test-method is-config="true" signature="setup()[pri:0, instance:HybridModel.NoonAutomationFramework.qa.TestSuite.MobileSearchTest@169e6180]" started-at="2021-05-02T18:02:09Z" name="setup" finished-at="2021-05-02T18:02:13Z" duration-ms="3950" status="PASS">
          <reporter-output>
          </reporter-output>
        </test-method> <!-- setup -->
        <test-method signature="mobilePageVerification1Test()[pri:0, instance:HybridModel.NoonAutomationFramework.qa.TestSuite.MobileSearchTest@169e6180]" started-at="2021-05-02T18:02:13Z" name="mobilePageVerification1Test" finished-at="2021-05-02T18:02:15Z" duration-ms="2182" status="PASS">
          <reporter-output>
          </reporter-output>
        </test-method> <!-- mobilePageVerification1Test -->
        <test-method is-config="true" signature="tearDown()[pri:0, instance:HybridModel.NoonAutomationFramework.qa.TestSuite.MobileSearchTest@169e6180]" started-at="2021-05-02T18:02:15Z" name="tearDown" finished-at="2021-05-02T18:02:15Z" duration-ms="101" status="PASS">
          <reporter-output>
          </reporter-output>
        </test-method> <!-- tearDown -->
      </class> <!-- HybridModel.NoonAutomationFramework.qa.TestSuite.MobileSearchTest -->
      <class name="HybridModel.NoonAutomationFramework.qa.TestSuite.HomePageTest">
        <test-method is-config="true" signature="setup()[pri:0, instance:HybridModel.NoonAutomationFramework.qa.TestSuite.HomePageTest@2fb3536e]" started-at="2021-05-02T18:01:53Z" name="setup" finished-at="2021-05-02T18:01:58Z" duration-ms="5654" status="PASS">
          <reporter-output>
          </reporter-output>
        </test-method> <!-- setup -->
        <test-method signature="electronicsPageListVerificationTest()[pri:0, instance:HybridModel.NoonAutomationFramework.qa.TestSuite.HomePageTest@2fb3536e]" started-at="2021-05-02T18:01:58Z" name="electronicsPageListVerificationTest" finished-at="2021-05-02T18:02:09Z" duration-ms="10259" status="PASS">
          <reporter-output>
          </reporter-output>
        </test-method> <!-- electronicsPageListVerificationTest -->
        <test-method is-config="true" signature="tearDown()[pri:0, instance:HybridModel.NoonAutomationFramework.qa.TestSuite.HomePageTest@2fb3536e]" started-at="2021-05-02T18:02:09Z" name="tearDown" finished-at="2021-05-02T18:02:09Z" duration-ms="159" status="PASS">
          <reporter-output>
          </reporter-output>
        </test-method> <!-- tearDown -->
      </class> <!-- HybridModel.NoonAutomationFramework.qa.TestSuite.HomePageTest -->
    </test> <!-- Functional Test -->
  </suite> <!-- Noon Regression Suite -->
</testng-results>
