<?xml version="1.0" encoding="UTF-8"?>
<testng-results ignored="0" total="2" passed="2" failed="0" skipped="0">
  <reporter-output>
  </reporter-output>
  <suite started-at="2021-03-23T09:39:04Z" name="Noon Regression Suite" finished-at="2021-03-23T09:39:40Z" duration-ms="36731">
    <groups>
    </groups>
    <test started-at="2021-03-23T09:39:04Z" name="Functional Test" finished-at="2021-03-23T09:39:40Z" duration-ms="36731">
      <class name="HybridModel.NoonAutomationFramework.qa.TestSuite.MobileSearchTest">
        <test-method is-config="true" signature="setup()[pri:0, instance:HybridModel.NoonAutomationFramework.qa.TestSuite.MobileSearchTest@2b48a640]" started-at="2021-03-23T09:39:29Z" name="setup" finished-at="2021-03-23T09:39:36Z" duration-ms="7448" status="PASS">
          <reporter-output>
          </reporter-output>
        </test-method> <!-- setup -->
        <test-method signature="mobilePageVerification1Test()[pri:0, instance:HybridModel.NoonAutomationFramework.qa.TestSuite.MobileSearchTest@2b48a640]" started-at="2021-03-23T09:39:36Z" name="mobilePageVerification1Test" finished-at="2021-03-23T09:39:38Z" duration-ms="1968" status="PASS">
          <reporter-output>
          </reporter-output>
        </test-method> <!-- mobilePageVerification1Test -->
        <test-method is-config="true" signature="tearDown()[pri:0, instance:HybridModel.NoonAutomationFramework.qa.TestSuite.MobileSearchTest@2b48a640]" started-at="2021-03-23T09:39:38Z" name="tearDown" finished-at="2021-03-23T09:39:40Z" duration-ms="1936" status="PASS">
          <reporter-output>
          </reporter-output>
        </test-method> <!-- tearDown -->
      </class> <!-- HybridModel.NoonAutomationFramework.qa.TestSuite.MobileSearchTest -->
      <class name="HybridModel.NoonAutomationFramework.qa.TestSuite.HomePageTest">
        <test-method is-config="true" signature="setup()[pri:0, instance:HybridModel.NoonAutomationFramework.qa.TestSuite.HomePageTest@4d02f94e]" started-at="2021-03-23T09:39:04Z" name="setup" finished-at="2021-03-23T09:39:17Z" duration-ms="13766" status="PASS">
          <reporter-output>
          </reporter-output>
        </test-method> <!-- setup -->
        <test-method signature="electronicsPageListVerificationTest()[pri:0, instance:HybridModel.NoonAutomationFramework.qa.TestSuite.HomePageTest@4d02f94e]" started-at="2021-03-23T09:39:17Z" name="electronicsPageListVerificationTest" finished-at="2021-03-23T09:39:28Z" duration-ms="10561" status="PASS">
          <reporter-output>
          </reporter-output>
        </test-method> <!-- electronicsPageListVerificationTest -->
        <test-method is-config="true" signature="tearDown()[pri:0, instance:HybridModel.NoonAutomationFramework.qa.TestSuite.HomePageTest@4d02f94e]" started-at="2021-03-23T09:39:28Z" name="tearDown" finished-at="2021-03-23T09:39:29Z" duration-ms="1029" status="PASS">
          <reporter-output>
          </reporter-output>
        </test-method> <!-- tearDown -->
      </class> <!-- HybridModel.NoonAutomationFramework.qa.TestSuite.HomePageTest -->
    </test> <!-- Functional Test -->
  </suite> <!-- Noon Regression Suite -->
</testng-results>
