<?xml version="1.0" encoding="UTF-8"?>
<testng-results skipped="0" failed="0" ignored="0" total="1" passed="1">
  <reporter-output>
  </reporter-output>
  <suite name="Default suite" duration-ms="29869" started-at="2021-03-24T11:53:18Z" finished-at="2021-03-24T11:53:48Z">
    <groups>
    </groups>
    <test name="Default test" duration-ms="29869" started-at="2021-03-24T11:53:18Z" finished-at="2021-03-24T11:53:48Z">
      <class name="HybridModel.NoonAutomationFramework.qa.TestSuite.HomePageTest">
        <test-method status="PASS" signature="setup()[pri:0, instance:HybridModel.NoonAutomationFramework.qa.TestSuite.HomePageTest@4445629]" name="setup" is-config="true" duration-ms="18812" started-at="2021-03-24T11:53:18Z" finished-at="2021-03-24T11:53:37Z">
          <reporter-output>
          </reporter-output>
        </test-method> <!-- setup -->
        <test-method status="PASS" signature="electronicsPageListVerificationTest()[pri:0, instance:HybridModel.NoonAutomationFramework.qa.TestSuite.HomePageTest@4445629]" name="electronicsPageListVerificationTest" duration-ms="10462" started-at="2021-03-24T11:53:37Z" finished-at="2021-03-24T11:53:47Z">
          <reporter-output>
          </reporter-output>
        </test-method> <!-- electronicsPageListVerificationTest -->
        <test-method status="PASS" signature="tearDown()[pri:0, instance:HybridModel.NoonAutomationFramework.qa.TestSuite.HomePageTest@4445629]" name="tearDown" is-config="true" duration-ms="574" started-at="2021-03-24T11:53:47Z" finished-at="2021-03-24T11:53:48Z">
          <reporter-output>
          </reporter-output>
        </test-method> <!-- tearDown -->
      </class> <!-- HybridModel.NoonAutomationFramework.qa.TestSuite.HomePageTest -->
    </test> <!-- Default test -->
  </suite> <!-- Default suite -->
</testng-results>
