<?xml version="1.0" encoding="UTF-8"?>
<testng-results skipped="0" failed="0" ignored="0" total="5" passed="5">
  <reporter-output>
  </reporter-output>
  <suite name="Noon Regression Suite" duration-ms="66270" started-at="2021-03-24T17:54:53Z" finished-at="2021-03-24T17:55:59Z">
    <groups>
    </groups>
    <test name="Functional Test" duration-ms="66270" started-at="2021-03-24T17:54:53Z" finished-at="2021-03-24T17:55:59Z">
      <class name="HybridModel.NoonAutomationFramework.qa.TestSuite.LaptopsPageTest">
        <test-method status="PASS" signature="setup()[pri:0, instance:HybridModel.NoonAutomationFramework.qa.TestSuite.LaptopsPageTest@3cc2931c]" name="setup" is-config="true" duration-ms="11917" started-at="2021-03-24T17:55:26Z" finished-at="2021-03-24T17:55:38Z">
          <reporter-output>
          </reporter-output>
        </test-method> <!-- setup -->
        <test-method status="PASS" signature="dataProviderTest(java.lang.String, java.lang.String, java.lang.String, java.lang.String)[pri:0, instance:HybridModel.NoonAutomationFramework.qa.TestSuite.LaptopsPageTest@3cc2931c]" name="dataProviderTest" duration-ms="2" started-at="2021-03-24T17:55:38Z" data-provider="getDataExcel" finished-at="2021-03-24T17:55:38Z">
          <params>
            <param index="0">
              <value>
                <![CDATA[Mr.]]>
              </value>
            </param>
            <param index="1">
              <value>
                <![CDATA[Tom]]>
              </value>
            </param>
            <param index="2">
              <value>
                <![CDATA[Peter]]>
              </value>
            </param>
            <param index="3">
              <value>
                <![CDATA[Google]]>
              </value>
            </param>
          </params>
          <reporter-output>
          </reporter-output>
        </test-method> <!-- dataProviderTest -->
        <test-method status="PASS" signature="tearDown()[pri:0, instance:HybridModel.NoonAutomationFramework.qa.TestSuite.LaptopsPageTest@3cc2931c]" name="tearDown" is-config="true" duration-ms="511" started-at="2021-03-24T17:55:38Z" finished-at="2021-03-24T17:55:39Z">
          <reporter-output>
          </reporter-output>
        </test-method> <!-- tearDown -->
        <test-method status="PASS" signature="setup()[pri:0, instance:HybridModel.NoonAutomationFramework.qa.TestSuite.LaptopsPageTest@3cc2931c]" name="setup" is-config="true" duration-ms="9038" started-at="2021-03-24T17:55:39Z" finished-at="2021-03-24T17:55:48Z">
          <reporter-output>
          </reporter-output>
        </test-method> <!-- setup -->
        <test-method status="PASS" signature="dataProviderTest(java.lang.String, java.lang.String, java.lang.String, java.lang.String)[pri:0, instance:HybridModel.NoonAutomationFramework.qa.TestSuite.LaptopsPageTest@3cc2931c]" name="dataProviderTest" duration-ms="1" started-at="2021-03-24T17:55:48Z" data-provider="getDataExcel" finished-at="2021-03-24T17:55:48Z">
          <params>
            <param index="0">
              <value>
                <![CDATA[Dr.]]>
              </value>
            </param>
            <param index="1">
              <value>
                <![CDATA[David]]>
              </value>
            </param>
            <param index="2">
              <value>
                <![CDATA[Cris]]>
              </value>
            </param>
            <param index="3">
              <value>
                <![CDATA[Amazon]]>
              </value>
            </param>
          </params>
          <reporter-output>
          </reporter-output>
        </test-method> <!-- dataProviderTest -->
        <test-method status="PASS" signature="tearDown()[pri:0, instance:HybridModel.NoonAutomationFramework.qa.TestSuite.LaptopsPageTest@3cc2931c]" name="tearDown" is-config="true" duration-ms="539" started-at="2021-03-24T17:55:48Z" finished-at="2021-03-24T17:55:48Z">
          <reporter-output>
          </reporter-output>
        </test-method> <!-- tearDown -->
        <test-method status="PASS" signature="setup()[pri:0, instance:HybridModel.NoonAutomationFramework.qa.TestSuite.LaptopsPageTest@3cc2931c]" name="setup" is-config="true" duration-ms="9922" started-at="2021-03-24T17:55:48Z" finished-at="2021-03-24T17:55:58Z">
          <reporter-output>
          </reporter-output>
        </test-method> <!-- setup -->
        <test-method status="PASS" signature="dataProviderTest(java.lang.String, java.lang.String, java.lang.String, java.lang.String)[pri:0, instance:HybridModel.NoonAutomationFramework.qa.TestSuite.LaptopsPageTest@3cc2931c]" name="dataProviderTest" duration-ms="1" started-at="2021-03-24T17:55:58Z" data-provider="getDataExcel" finished-at="2021-03-24T17:55:58Z">
          <params>
            <param index="0">
              <value>
                <![CDATA[Mrs.]]>
              </value>
            </param>
            <param index="1">
              <value>
                <![CDATA[Mukta]]>
              </value>
            </param>
            <param index="2">
              <value>
                <![CDATA[Sharma]]>
              </value>
            </param>
            <param index="3">
              <value>
                <![CDATA[Ebay]]>
              </value>
            </param>
          </params>
          <reporter-output>
          </reporter-output>
        </test-method> <!-- dataProviderTest -->
        <test-method status="PASS" signature="tearDown()[pri:0, instance:HybridModel.NoonAutomationFramework.qa.TestSuite.LaptopsPageTest@3cc2931c]" name="tearDown" is-config="true" duration-ms="504" started-at="2021-03-24T17:55:58Z" finished-at="2021-03-24T17:55:59Z">
          <reporter-output>
          </reporter-output>
        </test-method> <!-- tearDown -->
      </class> <!-- HybridModel.NoonAutomationFramework.qa.TestSuite.LaptopsPageTest -->
      <class name="HybridModel.NoonAutomationFramework.qa.TestSuite.MobileSearchTest">
        <test-method status="PASS" signature="setup()[pri:0, instance:HybridModel.NoonAutomationFramework.qa.TestSuite.MobileSearchTest@59d016c9]" name="setup" is-config="true" duration-ms="11282" started-at="2021-03-24T17:55:13Z" finished-at="2021-03-24T17:55:24Z">
          <reporter-output>
          </reporter-output>
        </test-method> <!-- setup -->
        <test-method status="PASS" signature="mobilePageVerification1Test()[pri:0, instance:HybridModel.NoonAutomationFramework.qa.TestSuite.MobileSearchTest@59d016c9]" name="mobilePageVerification1Test" duration-ms="1214" started-at="2021-03-24T17:55:24Z" finished-at="2021-03-24T17:55:25Z">
          <reporter-output>
          </reporter-output>
        </test-method> <!-- mobilePageVerification1Test -->
        <test-method status="PASS" signature="tearDown()[pri:0, instance:HybridModel.NoonAutomationFramework.qa.TestSuite.MobileSearchTest@59d016c9]" name="tearDown" is-config="true" duration-ms="536" started-at="2021-03-24T17:55:25Z" finished-at="2021-03-24T17:55:26Z">
          <reporter-output>
          </reporter-output>
        </test-method> <!-- tearDown -->
      </class> <!-- HybridModel.NoonAutomationFramework.qa.TestSuite.MobileSearchTest -->
      <class name="HybridModel.NoonAutomationFramework.qa.TestSuite.HomePageTest">
        <test-method status="PASS" signature="setup()[pri:0, instance:HybridModel.NoonAutomationFramework.qa.TestSuite.HomePageTest@4b5a5ed1]" name="setup" is-config="true" duration-ms="9378" started-at="2021-03-24T17:54:53Z" finished-at="2021-03-24T17:55:02Z">
          <reporter-output>
          </reporter-output>
        </test-method> <!-- setup -->
        <test-method status="PASS" signature="electronicsPageListVerificationTest()[pri:0, instance:HybridModel.NoonAutomationFramework.qa.TestSuite.HomePageTest@4b5a5ed1]" name="electronicsPageListVerificationTest" duration-ms="10359" started-at="2021-03-24T17:55:02Z" finished-at="2021-03-24T17:55:12Z">
          <reporter-output>
          </reporter-output>
        </test-method> <!-- electronicsPageListVerificationTest -->
        <test-method status="PASS" signature="tearDown()[pri:0, instance:HybridModel.NoonAutomationFramework.qa.TestSuite.HomePageTest@4b5a5ed1]" name="tearDown" is-config="true" duration-ms="549" started-at="2021-03-24T17:55:12Z" finished-at="2021-03-24T17:55:13Z">
          <reporter-output>
          </reporter-output>
        </test-method> <!-- tearDown -->
      </class> <!-- HybridModel.NoonAutomationFramework.qa.TestSuite.HomePageTest -->
    </test> <!-- Functional Test -->
  </suite> <!-- Noon Regression Suite -->
</testng-results>
