<?xml version="1.0" encoding="UTF-8"?>
<!-- Generated by org.testng.reporters.JUnitXMLReporter -->
<testsuite hostname="BBMDVMIMUD.local" ignored="0" name="Functional Test" tests="5" failures="0" timestamp="02 May 2021 17:37:21 GMT" time="41.681" errors="0">
  <testcase name="electronicsPageListVerificationTest" time="10.48" classname="HybridModel.NoonAutomationFramework.qa.TestSuite.HomePageTest"/>
  <testcase name="mobilePageVerification1Test" time="2.692" classname="HybridModel.NoonAutomationFramework.qa.TestSuite.MobileSearchTest"/>
  <testcase name="dataProviderTest" time="0.001" classname="HybridModel.NoonAutomationFramework.qa.TestSuite.LaptopsPageTest"/>
  <testcase name="dataProviderTest" time="0.001" classname="HybridModel.NoonAutomationFramework.qa.TestSuite.LaptopsPageTest"/>
  <testcase name="dataProviderTest" time="0.001" classname="HybridModel.NoonAutomationFramework.qa.TestSuite.LaptopsPageTest"/>
</testsuite> <!-- Functional Test -->
