<?xml version="1.0" encoding="UTF-8"?>
<!-- Generated by org.testng.reporters.JUnitXMLReporter -->
<testsuite hostname="BBMDVMIMUD.local" ignored="0" name="Functional Test" tests="5" failures="0" timestamp="17 Apr 2021 15:06:28 GMT" time="57.789" errors="0">
  <testcase name="electronicsPageListVerificationTest" time="10.223" classname="HybridModel.NoonAutomationFramework.qa.TestSuite.HomePageTest"/>
  <testcase name="mobilePageVerification1Test" time="1.201" classname="HybridModel.NoonAutomationFramework.qa.TestSuite.MobileSearchTest"/>
  <testcase name="dataProviderTest" time="0.0" classname="HybridModel.NoonAutomationFramework.qa.TestSuite.LaptopsPageTest"/>
  <testcase name="dataProviderTest" time="0.001" classname="HybridModel.NoonAutomationFramework.qa.TestSuite.LaptopsPageTest"/>
  <testcase name="dataProviderTest" time="0.001" classname="HybridModel.NoonAutomationFramework.qa.TestSuite.LaptopsPageTest"/>
</testsuite> <!-- Functional Test -->
