<?xml version="1.0" encoding="UTF-8"?>
<!-- Generated by org.testng.reporters.JUnitReportReporter -->
<testsuite skipped="0" hostname="BBMDVMIMUD.local" name="HybridModel.NoonAutomationFramework.qa.TestSuite.HomePageTest" tests="1" failures="0" timestamp="17 Apr 2021 15:06:28 GMT" time="21.273" errors="0">
  <testcase name="electronicsPageListVerificationTest" time="21.273" classname="HybridModel.NoonAutomationFramework.qa.TestSuite.HomePageTest"/>
</testsuite> <!-- HybridModel.NoonAutomationFramework.qa.TestSuite.HomePageTest -->
