<?xml version="1.0" encoding="UTF-8"?>
<!-- Generated by org.testng.reporters.JUnitReportReporter -->
<testsuite skipped="0" hostname="BBMDVMIMUD.local" name="HybridModel.NoonAutomationFramework.qa.TestSuite.HomePageTest" tests="1" failures="0" timestamp="16 Mar 2021 17:48:11 GMT" time="26.824" errors="0">
  <testcase name="electronicsPageListVerificationTest" time="26.824" classname="HybridModel.NoonAutomationFramework.qa.TestSuite.HomePageTest"/>
</testsuite> <!-- HybridModel.NoonAutomationFramework.qa.TestSuite.HomePageTest -->
