<?xml version="1.0" encoding="UTF-8"?>
<!-- Generated by org.testng.reporters.JUnitReportReporter -->
<testsuite skipped="0" hostname="BBMDVMIMUD.local" name="HybridModel.NoonAutomationFramework.qa.TestSuite.MobileSearchTest" tests="1" failures="0" timestamp="24 Mar 2021 17:55:59 GMT" time="13.032" errors="0">
  <testcase name="mobilePageVerification1Test" time="13.032" classname="HybridModel.NoonAutomationFramework.qa.TestSuite.MobileSearchTest"/>
</testsuite> <!-- HybridModel.NoonAutomationFramework.qa.TestSuite.MobileSearchTest -->
