<?xml version="1.0" encoding="UTF-8"?>
<!-- Generated by org.testng.reporters.JUnitReportReporter -->
<testsuite hostname="acer-PC" failures="0" tests="1" name="HybridModel.NoonAutomationFramework.qa.TestSuite.LaptopsPageTest" time="0.000" errors="0" timestamp="28 Mar 2021 18:18:48 GMT" skipped="1">
  <testcase classname="HybridModel.NoonAutomationFramework.qa.TestSuite.LaptopsPageTest" name="dataProviderTest" time="0.000">
    <skipped/>
  </testcase> <!-- dataProviderTest -->
</testsuite> <!-- HybridModel.NoonAutomationFramework.qa.TestSuite.LaptopsPageTest -->
