<?xml version="1.0" encoding="UTF-8"?>
<!-- Generated by org.testng.reporters.JUnitReportReporter -->
<testsuite skipped="0" hostname="BBMDVMIMUD.local" name="HybridModel.NoonAutomationFramework.qa.TestSuite.LaptopsPageTest" tests="3" failures="0" timestamp="02 May 2021 17:37:21 GMT" time="17.240" errors="0">
  <testcase name="dataProviderTest" time="5.684" classname="HybridModel.NoonAutomationFramework.qa.TestSuite.LaptopsPageTest"/>
  <testcase name="dataProviderTest" time="5.306" classname="HybridModel.NoonAutomationFramework.qa.TestSuite.LaptopsPageTest"/>
  <testcase name="dataProviderTest" time="6.250" classname="HybridModel.NoonAutomationFramework.qa.TestSuite.LaptopsPageTest"/>
</testsuite> <!-- HybridModel.NoonAutomationFramework.qa.TestSuite.LaptopsPageTest -->
