<?xml version="1.0" encoding="UTF-8"?>
<!-- Generated by org.testng.reporters.JUnitReportReporter -->
<testsuite hostname="BBMDVMIMUD.local" failures="0" tests="1" name="HybridModel.NoonAutomationFramework.qa.TestSuite.HomePageTest" time="25.356" errors="0" timestamp="23 Mar 2021 09:39:41 GMT" skipped="0">
  <testcase classname="HybridModel.NoonAutomationFramework.qa.TestSuite.HomePageTest" name="electronicsPageListVerificationTest" time="25.356"/>
</testsuite> <!-- HybridModel.NoonAutomationFramework.qa.TestSuite.HomePageTest -->
