<?xml version="1.0" encoding="UTF-8"?>
<!-- Generated by org.testng.reporters.JUnitReportReporter -->
<testsuite hostname="BBMDVMIMUD.local" failures="0" tests="1" name="HybridModel.NoonAutomationFramework.qa.TestSuite.HomePageTest" time="16.072" errors="0" timestamp="02 May 2021 18:02:33 GMT" skipped="0">
  <testcase classname="HybridModel.NoonAutomationFramework.qa.TestSuite.HomePageTest" name="electronicsPageListVerificationTest" time="16.072"/>
</testsuite> <!-- HybridModel.NoonAutomationFramework.qa.TestSuite.HomePageTest -->
