<?xml version="1.0" encoding="UTF-8"?>
<!-- Generated by org.testng.reporters.JUnitReportReporter -->
<testsuite hostname="BBMDVMIMUD.local" failures="0" tests="3" name="HybridModel.NoonAutomationFramework.qa.TestSuite.LaptopsPageTest" time="30.277" errors="0" timestamp="02 May 2021 15:08:51 GMT" skipped="0">
  <testcase classname="HybridModel.NoonAutomationFramework.qa.TestSuite.LaptopsPageTest" name="dataProviderTest" time="8.945"/>
  <testcase classname="HybridModel.NoonAutomationFramework.qa.TestSuite.LaptopsPageTest" name="dataProviderTest" time="10.663"/>
  <testcase classname="HybridModel.NoonAutomationFramework.qa.TestSuite.LaptopsPageTest" name="dataProviderTest" time="10.669"/>
</testsuite> <!-- HybridModel.NoonAutomationFramework.qa.TestSuite.LaptopsPageTest -->
