<?xml version="1.0" encoding="UTF-8"?>
<!-- Generated by org.testng.reporters.JUnitReportReporter -->
<testsuite hostname="BBMDVMIMUD.local" failures="0" tests="1" name="HybridModel.NoonAutomationFramework.qa.TestSuite.MobileSearchTest" time="18.400" errors="0" timestamp="02 May 2021 15:08:51 GMT" skipped="0">
  <testcase classname="HybridModel.NoonAutomationFramework.qa.TestSuite.MobileSearchTest" name="mobilePageVerification1Test" time="18.400"/>
</testsuite> <!-- HybridModel.NoonAutomationFramework.qa.TestSuite.MobileSearchTest -->
